# JRE version: Java(TM) SE Runtime Environment (17.0.2+8) (build 17.0.2+8-LTS-86)
# Java VM: Java HotSpot(TM) 64-Bit Server VM (17.0.2+8-LTS-86, mixed mode, emulated-client, sharing, tiered, compressed oops, compressed class ptrs, g1 gc, windows-amd64)
GC Precious Log:
 CPUs: 16 total, 16 available
 Memory: 14170M
 Large Page Support: Disabled
 NUMA Support: Disabled
 Compressed Oops: Enabled (Zero based)
 Heap Region Size: 2M
 Heap Min Capacity: 8M
 Heap Initial Capacity: 222M
 Heap Max Capacity: 3544M
 Pre-touch: Disabled
 Parallel Workers: 13
 Concurrent Workers: 3
 Concurrent Refinement Workers: 13
 Periodic GC: Disabled
Heap:
 garbage-first heap   total 227328K, used 87326K [0x0000000722800000, 0x0000000800000000)
  region size 2048K, 3 young (6144K), 3 survivors (6144K)
 Metaspace       used 84676K, committed 85312K, reserved 1122304K
  class space    used 11817K, committed 12096K, reserved 1048576K
GC Heap History (20 events):
Event: 7.223 GC heap after
{Heap after GC invocations=24 (full 0):
 garbage-first heap   total 108544K, used 37122K [0x0000000722800000, 0x0000000800000000)
  region size 2048K, 3 young (6144K), 3 survivors (6144K)
 Metaspace       used 70923K, committed 71488K, reserved 1114112K
  class space    used 10072K, committed 10304K, reserved 1048576K
}
Event: 7.588 GC heap before
{Heap before GC invocations=24 (full 0):
 garbage-first heap   total 108544K, used 84226K [0x0000000722800000, 0x0000000800000000)
  region size 2048K, 27 young (55296K), 3 survivors (6144K)
 Metaspace       used 72773K, committed 73408K, reserved 1114112K
  class space    used 10292K, committed 10560K, reserved 1048576K
}
Event: 7.595 GC heap after
{Heap after GC invocations=25 (full 0):
 garbage-first heap   total 108544K, used 46051K [0x0000000722800000, 0x0000000800000000)
  region size 2048K, 4 young (8192K), 4 survivors (8192K)
 Metaspace       used 72773K, committed 73408K, reserved 1114112K
  class space    used 10292K, committed 10560K, reserved 1048576K
}
Event: 7.718 GC heap before
{Heap before GC invocations=25 (full 0):
 garbage-first heap   total 108544K, used 80867K [0x0000000722800000, 0x0000000800000000)
  region size 2048K, 22 young (45056K), 4 survivors (8192K)
 Metaspace       used 72866K, committed 73536K, reserved 1114112K
  class space    used 10306K, committed 10624K, reserved 1048576K
}
Event: 7.726 GC heap after
{Heap after GC invocations=26 (full 0):
 garbage-first heap   total 108544K, used 54678K [0x0000000722800000, 0x0000000800000000)
  region size 2048K, 3 young (6144K), 3 survivors (6144K)
 Metaspace       used 72866K, committed 73536K, reserved 1114112K
  class space    used 10306K, committed 10624K, reserved 1048576K
}
Event: 7.761 GC heap before
{Heap before GC invocations=26 (full 0):
 garbage-first heap   total 108544K, used 79254K [0x0000000722800000, 0x0000000800000000)
  region size 2048K, 16 young (32768K), 3 survivors (6144K)
 Metaspace       used 72866K, committed 73536K, reserved 1114112K
  class space    used 10306K, committed 10624K, reserved 1048576K
}
Event: 7.767 GC heap after
{Heap after GC invocations=27 (full 0):
 garbage-first heap   total 108544K, used 61619K [0x0000000722800000, 0x0000000800000000)
  region size 2048K, 2 young (4096K), 2 survivors (4096K)
 Metaspace       used 72866K, committed 73536K, reserved 1114112K
  class space    used 10306K, committed 10624K, reserved 1048576K
}
Event: 7.873 GC heap before
{Heap before GC invocations=28 (full 0):
 garbage-first heap   total 120832K, used 80051K [0x0000000722800000, 0x0000000800000000)
  region size 2048K, 12 young (24576K), 2 survivors (4096K)
 Metaspace       used 72866K, committed 73536K, reserved 1114112K
  class space    used 10306K, committed 10624K, reserved 1048576K
}
Event: 7.878 GC heap after
{Heap after GC invocations=29 (full 0):
 garbage-first heap   total 120832K, used 67965K [0x0000000722800000, 0x0000000800000000)
  region size 2048K, 2 young (4096K), 2 survivors (4096K)
 Metaspace       used 72866K, committed 73536K, reserved 1114112K
  class space    used 10306K, committed 10624K, reserved 1048576K
}
Event: 7.899 GC heap before
{Heap before GC invocations=29 (full 0):
 garbage-first heap   total 120832K, used 88445K [0x0000000722800000, 0x0000000800000000)
  region size 2048K, 13 young (26624K), 2 survivors (4096K)
 Metaspace       used 72866K, committed 73536K, reserved 1114112K
  class space    used 10306K, committed 10624K, reserved 1048576K
}
Event: 7.903 GC heap after
{Heap after GC invocations=30 (full 0):
 garbage-first heap   total 169984K, used 73519K [0x0000000722800000, 0x0000000800000000)
  region size 2048K, 2 young (4096K), 2 survivors (4096K)
 Metaspace       used 72866K, committed 73536K, reserved 1114112K
  class space    used 10306K, committed 10624K, reserved 1048576K
}
Event: 8.075 GC heap before
{Heap before GC invocations=31 (full 0):
 garbage-first heap   total 169984K, used 116527K [0x0000000722800000, 0x0000000800000000)
  region size 2048K, 24 young (49152K), 2 survivors (4096K)
 Metaspace       used 72875K, committed 73536K, reserved 1114112K
  class space    used 10307K, committed 10624K, reserved 1048576K
}
Event: 8.083 GC heap after
{Heap after GC invocations=32 (full 0):
 garbage-first heap   total 169984K, used 85808K [0x0000000722800000, 0x0000000800000000)
  region size 2048K, 3 young (6144K), 3 survivors (6144K)
 Metaspace       used 72875K, committed 73536K, reserved 1114112K
  class space    used 10307K, committed 10624K, reserved 1048576K
}
Event: 8.084 GC heap before
{Heap before GC invocations=32 (full 0):
 garbage-first heap   total 169984K, used 87856K [0x0000000722800000, 0x0000000800000000)
  region size 2048K, 4 young (8192K), 3 survivors (6144K)
 Metaspace       used 72875K, committed 73536K, reserved 1114112K
  class space    used 10307K, committed 10624K, reserved 1048576K
}
Event: 8.090 GC heap after
{Heap after GC invocations=33 (full 0):
 garbage-first heap   total 169984K, used 74939K [0x0000000722800000, 0x0000000800000000)
  region size 2048K, 1 young (2048K), 1 survivors (2048K)
 Metaspace       used 72875K, committed 73536K, reserved 1114112K
  class space    used 10307K, committed 10624K, reserved 1048576K
}
Event: 8.471 GC heap before
{Heap before GC invocations=33 (full 0):
 garbage-first heap   total 169984K, used 117947K [0x0000000722800000, 0x0000000800000000)
  region size 2048K, 22 young (45056K), 1 survivors (2048K)
 Metaspace       used 74294K, committed 74944K, reserved 1114112K
  class space    used 10559K, committed 10880K, reserved 1048576K
}
Event: 8.476 GC heap after
{Heap after GC invocations=34 (full 0):
 garbage-first heap   total 169984K, used 81670K [0x0000000722800000, 0x0000000800000000)
  region size 2048K, 3 young (6144K), 3 survivors (6144K)
 Metaspace       used 74294K, committed 74944K, reserved 1114112K
  class space    used 10559K, committed 10880K, reserved 1048576K
}
Event: 8.915 GC heap before
{Heap before GC invocations=34 (full 0):
 garbage-first heap   total 169984K, used 122630K [0x0000000722800000, 0x0000000800000000)
  region size 2048K, 23 young (47104K), 3 survivors (6144K)
 Metaspace       used 76239K, committed 76800K, reserved 1122304K
  class space    used 10869K, committed 11136K, reserved 1048576K
}
Event: 8.921 GC heap after
{Heap after GC invocations=35 (full 0):
 garbage-first heap   total 169984K, used 85381K [0x0000000722800000, 0x0000000800000000)
  region size 2048K, 2 young (4096K), 2 survivors (4096K)
 Metaspace       used 76239K, committed 76800K, reserved 1122304K
  class space    used 10869K, committed 11136K, reserved 1048576K
}
Event: 9.943 GC heap before
{Heap before GC invocations=35 (full 0):
 garbage-first heap   total 169984K, used 126341K [0x0000000722800000, 0x0000000800000000)
  region size 2048K, 22 young (45056K), 2 survivors (4096K)
 Metaspace       used 84676K, committed 85312K, reserved 1122304K
  class space    used 11817K, committed 12096K, reserved 1048576K
}

